2016-01-11 10:42:55,227 INFO: Data Upload Tool startup [in D:/ProjectsLocal/SwitchON/DataUploadTool/app.py:37]
2016-01-11 10:42:55,404 INFO: Data Upload Tool startup [in D:/ProjectsLocal/SwitchON/DataUploadTool/app.py:37]
2016-01-11 10:43:17,217 INFO: File: 20151216_Verslag_AZ.pdf saved succesfully in working copy [in D:/ProjectsLocal/SwitchON/DataUploadTool/app.py:82]
2016-01-11 10:43:17,372 INFO: File: 20151216_Verslag_AZ.pdf committed to repository [in D:/ProjectsLocal/SwitchON/DataUploadTool/app.py:111]
2016-01-11 10:43:27,414 INFO: Removed D:/ProjectsLocal/SwitchON/DataUploadTool\static/repos\InputdataFormat_1.xlsx from the repository [in D:/ProjectsLocal/SwitchON/DataUploadTool/app.py:159]
2016-01-11 10:44:05,894 INFO: Data Upload Tool startup [in D:/ProjectsLocal/SwitchON/DataUploadTool/app.py:37]
2016-01-11 10:44:13,986 ERROR: Error saving file: 20151216_Verslag_AZ.pdf to working copy [in D:/ProjectsLocal/SwitchON/DataUploadTool/app.py:79]
2016-01-11 10:44:31,516 INFO: Data Upload Tool startup [in D:/ProjectsLocal/SwitchON/DataUploadTool/app.py:37]
2016-01-11 11:06:20,042 INFO: Data Upload Tool startup [in D:/ProjectsLocal/SwitchON/DataUploadTool/app.py:37]
2016-01-11 11:07:24,378 INFO: Data Upload Tool startup [in D:/ProjectsLocal/SwitchON/DataUploadTool/app.py:37]
2016-01-11 11:07:31,681 INFO: File: 20151216_Verslag_AZ_1.pdf saved succesfully in working copy [in D:/ProjectsLocal/SwitchON/DataUploadTool/app.py:84]
2016-01-11 11:07:31,838 INFO: File: 20151216_Verslag_AZ_1.pdf committed to repository [in D:/ProjectsLocal/SwitchON/DataUploadTool/app.py:107]
2016-01-11 11:16:57,579 INFO: Removed D:/ProjectsLocal/SwitchON/DataUploadTool\static/repos\20151216_Verslag_AZ.pdf from the repository [in D:/ProjectsLocal/SwitchON/DataUploadTool/app.py:158]
2016-01-11 11:21:08,346 INFO: Removed D:/ProjectsLocal/SwitchON/DataUploadTool\static/repos\InputdataFormat.xlsx from the repository [in D:/ProjectsLocal/SwitchON/DataUploadTool/app.py:158]
2016-01-11 11:22:16,226 INFO: Removed D:/ProjectsLocal/SwitchON/DataUploadTool\static/repos\LMW_Forecasts_Meuse_1.nc from the repository [in D:/ProjectsLocal/SwitchON/DataUploadTool/app.py:158]
2016-01-14 14:47:05,841 INFO: Data Upload Tool startup [in D:/ProjectsLocal/SwitchON/DataUploadTool/app.py:37]
2016-01-14 14:47:06,122 INFO: Data Upload Tool startup [in D:/ProjectsLocal/SwitchON/DataUploadTool/app.py:37]
2016-01-14 15:43:04,028 INFO: Data Upload Tool startup [in D:/ProjectsLocal/SwitchON/DataUploadTool/app.py:37]
2016-01-14 15:43:04,355 INFO: Data Upload Tool startup [in D:/ProjectsLocal/SwitchON/DataUploadTool/app.py:37]
2016-01-14 16:45:23,283 INFO: Data Upload Tool startup [in D:/ProjectsLocal/SwitchON/DataUploadTool/app.py:38]
2016-01-14 16:45:26,582 INFO: Data Upload Tool startup [in D:/ProjectsLocal/SwitchON/DataUploadTool/app.py:38]
2016-01-14 16:45:32,782 INFO: File: ahn2.png saved succesfully in working copy [in D:/ProjectsLocal/SwitchON/DataUploadTool/app.py:85]
2016-01-14 16:45:37,736 ERROR: Failed to delete: ahn2.png from the repository [in D:/ProjectsLocal/SwitchON/DataUploadTool/app.py:161]
2016-01-14 17:24:17,457 INFO: Data Upload Tool startup [in D:/ProjectsLocal/SwitchON/DataUploadTool/app.py:38]
2016-01-14 17:24:17,638 INFO: Data Upload Tool startup [in D:/ProjectsLocal/SwitchON/DataUploadTool/app.py:38]
2016-01-15 08:34:38,203 INFO: Data Upload Tool startup [in D:/ProjectsLocal/SwitchON/DataUploadTool/app.py:38]
2016-01-15 08:34:38,542 INFO: Data Upload Tool startup [in D:/ProjectsLocal/SwitchON/DataUploadTool/app.py:38]
2016-01-15 08:54:27,020 INFO: Data Upload Tool startup [in D:/ProjectsLocal/SwitchON/DataUploadTool/app.py:38]
2016-01-15 08:54:27,197 INFO: Data Upload Tool startup [in D:/ProjectsLocal/SwitchON/DataUploadTool/app.py:38]
2016-01-15 08:55:36,648 INFO: Data Upload Tool startup [in D:/ProjectsLocal/SwitchON/DataUploadTool/app.py:38]
2016-01-15 08:58:06,812 INFO: Data Upload Tool startup [in D:/ProjectsLocal/SwitchON/DataUploadTool/app.py:38]
2016-01-15 08:58:07,303 INFO: Data Upload Tool startup [in D:/ProjectsLocal/SwitchON/DataUploadTool/app.py:38]
2016-01-15 09:03:38,207 INFO: Data Upload Tool startup [in D:/ProjectsLocal/SwitchON/DataUploadTool/app.py:38]
2016-01-15 09:07:14,492 INFO: Dataset will be stored in: D:/ProjectsLocal/SwitchON/DataUploadTool\static/repos\johan [in D:/ProjectsLocal/SwitchON/DataUploadTool/app.py:73]
2016-01-15 09:07:49,585 INFO: File: BAG.png saved succesfully in working copy [in D:/ProjectsLocal/SwitchON/DataUploadTool/app.py:102]
2016-01-15 09:09:48,805 INFO: Data Upload Tool startup [in D:/ProjectsLocal/SwitchON/DataUploadTool/app.py:38]
2016-01-15 09:09:48,980 INFO: Data Upload Tool startup [in D:/ProjectsLocal/SwitchON/DataUploadTool/app.py:38]
2016-01-15 09:09:55,348 INFO: Dataset will be stored in: D:/ProjectsLocal/SwitchON/DataUploadTool\static/repos\joa [in D:/ProjectsLocal/SwitchON/DataUploadTool/app.py:73]
2016-01-15 09:10:06,348 INFO: Data Upload Tool startup [in D:/ProjectsLocal/SwitchON/DataUploadTool/app.py:38]
2016-01-15 09:10:12,239 INFO: Dataset will be stored in: D:/ProjectsLocal/SwitchON/DataUploadTool\static/repos\j2 [in D:/ProjectsLocal/SwitchON/DataUploadTool/app.py:73]
2016-01-15 09:10:31,351 INFO: File: CBS_Wijkbuurtkaart.png saved succesfully in working copy [in D:/ProjectsLocal/SwitchON/DataUploadTool/app.py:102]
2016-01-15 09:10:32,747 ERROR: Failed to delete: CBS_Wijkbuurtkaart.png from the repository [in D:/ProjectsLocal/SwitchON/DataUploadTool/app.py:178]
2016-01-15 09:10:39,648 INFO: File: DANK007_terrestrische_natuur.png saved succesfully in working copy [in D:/ProjectsLocal/SwitchON/DataUploadTool/app.py:102]
2016-01-15 09:10:39,688 INFO: File: Deltascenarios.png saved succesfully in working copy [in D:/ProjectsLocal/SwitchON/DataUploadTool/app.py:102]
2016-01-15 09:10:39,696 INFO: File: dinoloket.png saved succesfully in working copy [in D:/ProjectsLocal/SwitchON/DataUploadTool/app.py:102]
2016-01-15 09:11:03,720 INFO: Dataset will be stored in: D:/ProjectsLocal/SwitchON/DataUploadTool\static/repos\j2\ [in D:/ProjectsLocal/SwitchON/DataUploadTool/app.py:73]
2016-01-15 09:23:24,082 INFO: Data Upload Tool startup [in D:/ProjectsLocal/SwitchON/DataUploadTool/app.py:38]
2016-01-15 09:23:53,196 INFO: Dataset will be stored in: D:/ProjectsLocal/SwitchON/DataUploadTool\static/repos\test [in D:/ProjectsLocal/SwitchON/DataUploadTool/app.py:73]
2016-01-15 09:24:41,737 INFO: Data Upload Tool startup [in D:/ProjectsLocal/SwitchON/DataUploadTool/app.py:38]
2016-01-15 09:25:49,280 INFO: Dataset will be stored in: D:/ProjectsLocal/SwitchON/DataUploadTool\static/repos\tr [in D:/ProjectsLocal/SwitchON/DataUploadTool/app.py:73]
2016-01-15 09:26:52,137 INFO: File: aster7m.jpg saved succesfully in working copy [in D:/ProjectsLocal/SwitchON/DataUploadTool/app.py:102]
2016-01-15 09:38:50,431 INFO: Data Upload Tool startup [in D:/ProjectsLocal/SwitchON/DataUploadTool/app.py:39]
2016-01-15 09:43:37,072 INFO: Data Upload Tool startup [in D:/ProjectsLocal/SwitchON/DataUploadTool/app.py:38]
2016-01-15 09:43:38,483 INFO: Data Upload Tool startup [in D:/ProjectsLocal/SwitchON/DataUploadTool/app.py:38]
2016-01-15 09:43:38,660 INFO: Data Upload Tool startup [in D:/ProjectsLocal/SwitchON/DataUploadTool/app.py:38]
2016-01-15 09:43:43,540 INFO: Dataset will be stored in: D:/ProjectsLocal/SwitchON/DataUploadTool\static/repos\jh [in D:/ProjectsLocal/SwitchON/DataUploadTool/app.py:75]
2016-01-15 09:47:13,411 INFO: Data Upload Tool startup [in D:/ProjectsLocal/SwitchON/DataUploadTool/app.py:38]
2016-01-15 09:47:14,005 INFO: Data Upload Tool startup [in D:/ProjectsLocal/SwitchON/DataUploadTool/app.py:38]
2016-01-15 09:47:39,117 INFO: Data Upload Tool startup [in D:/ProjectsLocal/SwitchON/DataUploadTool/app.py:38]
2016-01-15 09:47:39,621 INFO: Data Upload Tool startup [in D:/ProjectsLocal/SwitchON/DataUploadTool/app.py:38]
2016-01-15 09:47:54,059 INFO: Data Upload Tool startup [in D:/ProjectsLocal/SwitchON/DataUploadTool/app.py:39]
2016-01-15 09:47:54,576 INFO: Data Upload Tool startup [in D:/ProjectsLocal/SwitchON/DataUploadTool/app.py:39]
2016-01-15 09:47:58,594 INFO: Dataset will be stored in: D:/ProjectsLocal/SwitchON/DataUploadTool\static/repos\jh [in D:/ProjectsLocal/SwitchON/DataUploadTool/app.py:76]
2016-01-15 09:48:02,806 INFO: File: DANK005b_Beregeningslocaties.png saved succesfully in working copy [in D:/ProjectsLocal/SwitchON/DataUploadTool/app.py:105]
2016-01-15 09:48:12,779 INFO: File: dinoloket.png saved succesfully in working copy [in D:/ProjectsLocal/SwitchON/DataUploadTool/app.py:105]
2016-01-15 09:53:18,894 INFO: Data Upload Tool startup [in D:/ProjectsLocal/SwitchON/DataUploadTool/app.py:38]
2016-01-15 09:53:19,539 INFO: Data Upload Tool startup [in D:/ProjectsLocal/SwitchON/DataUploadTool/app.py:38]
2016-01-15 09:54:30,089 INFO: Data Upload Tool startup [in D:/ProjectsLocal/SwitchON/DataUploadTool/app.py:38]
2016-01-15 09:54:30,408 INFO: Data Upload Tool startup [in D:/ProjectsLocal/SwitchON/DataUploadTool/app.py:38]
2016-01-15 09:58:11,744 INFO: Data Upload Tool startup [in D:/ProjectsLocal/SwitchON/DataUploadTool/app.py:38]
2016-01-15 09:58:12,441 INFO: Data Upload Tool startup [in D:/ProjectsLocal/SwitchON/DataUploadTool/app.py:38]
2016-01-15 09:58:32,733 INFO: Dataset will be stored in: D:/ProjectsLocal/SwitchON/DataUploadTool\static/repos\jh [in D:/ProjectsLocal/SwitchON/DataUploadTool/app.py:73]
2016-01-15 09:59:08,657 INFO: Dataset will be stored in: D:/ProjectsLocal/SwitchON/DataUploadTool\static/repos\jh [in D:/ProjectsLocal/SwitchON/DataUploadTool/app.py:73]
2016-01-15 10:08:26,890 INFO: Dataset will be stored in: D:/ProjectsLocal/SwitchON/DataUploadTool\static/repos\jh [in D:/ProjectsLocal/SwitchON/DataUploadTool/app.py:73]
2016-01-15 10:41:01,671 INFO: Dataset will be stored in: D:/ProjectsLocal/SwitchON/DataUploadTool\static/repos\jh [in D:/ProjectsLocal/SwitchON/DataUploadTool/app.py:73]
2016-01-15 10:41:29,190 INFO: Dataset will be stored in: D:/ProjectsLocal/SwitchON/DataUploadTool\static/repos\jh [in D:/ProjectsLocal/SwitchON/DataUploadTool/app.py:73]
2016-01-15 10:49:12,815 INFO: Dataset will be stored in: D:/ProjectsLocal/SwitchON/DataUploadTool\static/repos\jh [in D:/ProjectsLocal/SwitchON/DataUploadTool/app.py:73]
2016-01-15 10:56:50,391 INFO: Dataset will be stored in: D:/ProjectsLocal/SwitchON/DataUploadTool\static/repos\jh [in D:/ProjectsLocal/SwitchON/DataUploadTool/app.py:73]
2016-01-15 10:56:57,651 INFO: Data Upload Tool startup [in D:/ProjectsLocal/SwitchON/DataUploadTool/app.py:38]
2016-01-15 10:56:57,707 INFO: Data Upload Tool startup [in D:/ProjectsLocal/SwitchON/DataUploadTool/app.py:38]
2016-01-15 10:58:18,115 INFO: Dataset will be stored in: D:/ProjectsLocal/SwitchON/DataUploadTool\static/repos\jh [in D:/ProjectsLocal/SwitchON/DataUploadTool/app.py:73]
2016-01-15 11:00:49,374 INFO: Data Upload Tool startup [in D:/ProjectsLocal/SwitchON/DataUploadTool/app.py:38]
2016-01-15 11:00:49,384 INFO: Data Upload Tool startup [in D:/ProjectsLocal/SwitchON/DataUploadTool/app.py:38]
2016-01-15 11:05:48,012 INFO: Data Upload Tool startup [in D:/ProjectsLocal/SwitchON/DataUploadTool/app.py:38]
2016-01-15 11:05:48,551 INFO: Data Upload Tool startup [in D:/ProjectsLocal/SwitchON/DataUploadTool/app.py:38]
2016-01-15 11:05:59,315 INFO: Dataset will be stored in: D:/ProjectsLocal/SwitchON/DataUploadTool\static/repos\fgd [in D:/ProjectsLocal/SwitchON/DataUploadTool/app.py:73]
2016-01-15 11:06:18,767 INFO: Dataset will be stored in: D:/ProjectsLocal/SwitchON/DataUploadTool\static/repos\fgd [in D:/ProjectsLocal/SwitchON/DataUploadTool/app.py:73]
2016-01-15 11:06:59,463 INFO: Dataset will be stored in: D:/ProjectsLocal/SwitchON/DataUploadTool\static/repos\jh [in D:/ProjectsLocal/SwitchON/DataUploadTool/app.py:73]
2016-01-15 11:07:28,065 INFO: Data Upload Tool startup [in D:/ProjectsLocal/SwitchON/DataUploadTool/app.py:38]
2016-01-15 11:07:28,451 INFO: Data Upload Tool startup [in D:/ProjectsLocal/SwitchON/DataUploadTool/app.py:38]
2016-01-15 11:07:32,891 INFO: Dataset will be stored in: D:/ProjectsLocal/SwitchON/DataUploadTool\static/repos\sd [in D:/ProjectsLocal/SwitchON/DataUploadTool/app.py:73]
2016-01-15 11:09:45,437 INFO: Data Upload Tool startup [in D:/ProjectsLocal/SwitchON/DataUploadTool/app.py:38]
2016-01-15 11:09:45,963 INFO: Data Upload Tool startup [in D:/ProjectsLocal/SwitchON/DataUploadTool/app.py:38]
2016-01-15 11:09:50,808 INFO: Dataset will be stored in: D:/ProjectsLocal/SwitchON/DataUploadTool\static/repos\jh [in D:/ProjectsLocal/SwitchON/DataUploadTool/app.py:73]
2016-01-15 11:12:46,877 INFO: Data Upload Tool startup [in D:/ProjectsLocal/SwitchON/DataUploadTool/app.py:38]
2016-01-15 11:12:55,413 INFO: Data Upload Tool startup [in D:/ProjectsLocal/SwitchON/DataUploadTool/app.py:38]
2016-01-15 11:12:55,914 INFO: Data Upload Tool startup [in D:/ProjectsLocal/SwitchON/DataUploadTool/app.py:38]
2016-01-15 11:12:59,634 INFO: Dataset will be stored in: D:/ProjectsLocal/SwitchON/DataUploadTool\static/repos\gf [in D:/ProjectsLocal/SwitchON/DataUploadTool/app.py:73]
2016-01-15 11:17:17,440 INFO: Data Upload Tool startup [in D:/ProjectsLocal/SwitchON/DataUploadTool/app.py:38]
2016-01-15 11:17:17,938 INFO: Data Upload Tool startup [in D:/ProjectsLocal/SwitchON/DataUploadTool/app.py:38]
2016-01-15 11:17:21,585 INFO: Dataset will be stored in: D:/ProjectsLocal/SwitchON/DataUploadTool\static/repos\sfd [in D:/ProjectsLocal/SwitchON/DataUploadTool/app.py:73]
2016-01-15 11:18:02,819 INFO: File: aster7m.jpg saved succesfully in working copy [in D:/ProjectsLocal/SwitchON/DataUploadTool/app.py:105]
2016-01-15 11:18:14,589 INFO: Dataset will be stored in: D:/ProjectsLocal/SwitchON/DataUploadTool\static/repos\v [in D:/ProjectsLocal/SwitchON/DataUploadTool/app.py:73]
2016-01-15 11:18:39,796 INFO: File: DANK007_terrestrische_natuur.png saved succesfully in working copy [in D:/ProjectsLocal/SwitchON/DataUploadTool/app.py:105]
2016-01-15 11:18:48,036 INFO: Removed D:/ProjectsLocal/SwitchON/DataUploadTool\static/repos\20151216_Verslag_AZ_1.pdf from the repository [in D:/ProjectsLocal/SwitchON/DataUploadTool/app.py:184]
2016-01-15 11:18:59,019 INFO: File: DANK005b_Beregeningslocaties.png saved succesfully in working copy [in D:/ProjectsLocal/SwitchON/DataUploadTool/app.py:105]
2016-01-15 11:19:02,137 INFO: File: DANK007_terrestrische_natuur_1.png saved succesfully in working copy [in D:/ProjectsLocal/SwitchON/DataUploadTool/app.py:105]
2016-01-15 11:19:04,681 INFO: File: Deltascenarios.png saved succesfully in working copy [in D:/ProjectsLocal/SwitchON/DataUploadTool/app.py:105]
2016-01-15 11:19:51,453 INFO: Dataset will be stored in: D:/ProjectsLocal/SwitchON/DataUploadTool\static/repos\v [in D:/ProjectsLocal/SwitchON/DataUploadTool/app.py:73]
2016-01-15 11:24:15,770 INFO: Data Upload Tool startup [in D:/ProjectsLocal/SwitchON/DataUploadTool/app.py:38]
2016-01-15 11:24:15,956 INFO: Data Upload Tool startup [in D:/ProjectsLocal/SwitchON/DataUploadTool/app.py:38]
2016-01-15 11:25:07,892 INFO: Data Upload Tool startup [in D:/ProjectsLocal/SwitchON/DataUploadTool/app.py:38]
2016-01-15 11:25:08,071 INFO: Data Upload Tool startup [in D:/ProjectsLocal/SwitchON/DataUploadTool/app.py:38]
2016-01-15 11:25:53,819 INFO: Data Upload Tool startup [in D:/ProjectsLocal/SwitchON/DataUploadTool/app.py:38]
2016-01-15 11:25:54,338 INFO: Data Upload Tool startup [in D:/ProjectsLocal/SwitchON/DataUploadTool/app.py:38]
2016-01-15 11:27:13,207 INFO: Data Upload Tool startup [in D:/ProjectsLocal/SwitchON/DataUploadTool/app.py:38]
2016-01-15 11:27:13,726 INFO: Data Upload Tool startup [in D:/ProjectsLocal/SwitchON/DataUploadTool/app.py:38]
2016-01-15 11:28:41,190 INFO: Data Upload Tool startup [in D:/ProjectsLocal/SwitchON/DataUploadTool/app.py:38]
2016-01-15 11:28:41,369 INFO: Data Upload Tool startup [in D:/ProjectsLocal/SwitchON/DataUploadTool/app.py:38]
2016-01-15 11:28:47,917 INFO: Dataset will be stored in: D:/ProjectsLocal/SwitchON/DataUploadTool\static/repos\gdf [in D:/ProjectsLocal/SwitchON/DataUploadTool/app.py:73]
2016-01-15 11:29:27,552 INFO: Dataset will be stored in: D:/ProjectsLocal/SwitchON/DataUploadTool\static/repos\gdf [in D:/ProjectsLocal/SwitchON/DataUploadTool/app.py:73]
2016-01-15 11:34:31,957 INFO: Dataset will be stored in: D:/ProjectsLocal/SwitchON/DataUploadTool\static/repos\gdf [in D:/ProjectsLocal/SwitchON/DataUploadTool/app.py:73]
2016-01-15 11:35:32,630 INFO: Dataset will be stored in: D:/ProjectsLocal/SwitchON/DataUploadTool\static/repos\gdf [in D:/ProjectsLocal/SwitchON/DataUploadTool/app.py:73]
2016-01-15 11:39:08,286 INFO: Dataset will be stored in: D:/ProjectsLocal/SwitchON/DataUploadTool\static/repos\fh [in D:/ProjectsLocal/SwitchON/DataUploadTool/app.py:73]
2016-01-15 11:51:25,309 INFO: Data Upload Tool startup [in D:/ProjectsLocal/SwitchON/DataUploadTool/app.py:38]
2016-01-15 11:51:25,486 INFO: Data Upload Tool startup [in D:/ProjectsLocal/SwitchON/DataUploadTool/app.py:38]
2016-01-15 11:51:47,742 INFO: Data Upload Tool startup [in D:/ProjectsLocal/SwitchON/DataUploadTool/app.py:38]
2016-01-15 11:51:48,244 INFO: Data Upload Tool startup [in D:/ProjectsLocal/SwitchON/DataUploadTool/app.py:38]
2016-01-15 11:51:51,732 INFO: Dataset will be stored in: D:/ProjectsLocal/SwitchON/DataUploadTool\static/repos\sad [in D:/ProjectsLocal/SwitchON/DataUploadTool/app.py:73]
2016-01-15 11:52:06,200 INFO: File: DANK007_terrestrische_natuur_1_2.png saved succesfully in working copy [in D:/ProjectsLocal/SwitchON/DataUploadTool/app.py:105]
2016-01-15 11:52:22,753 INFO: File: DANK002_aquatische_natuur.png saved succesfully in working copy [in D:/ProjectsLocal/SwitchON/DataUploadTool/app.py:105]
2016-01-15 11:52:25,753 INFO: Dataset will be stored in: D:/ProjectsLocal/SwitchON/DataUploadTool\static/repos\sad [in D:/ProjectsLocal/SwitchON/DataUploadTool/app.py:73]
2016-01-15 11:53:13,390 INFO: File: DANK005b_Beregeningslocaties_1.png saved succesfully in working copy [in D:/ProjectsLocal/SwitchON/DataUploadTool/app.py:105]
2016-01-15 11:53:26,009 INFO: Dataset will be stored in: D:/ProjectsLocal/SwitchON/DataUploadTool\static/repos\sad [in D:/ProjectsLocal/SwitchON/DataUploadTool/app.py:73]
2016-01-15 11:55:39,395 INFO: Dataset will be stored in: D:/ProjectsLocal/SwitchON/DataUploadTool\static/repos\sad [in D:/ProjectsLocal/SwitchON/DataUploadTool/app.py:73]
2016-01-15 11:55:45,482 INFO: Dataset will be stored in: D:/ProjectsLocal/SwitchON/DataUploadTool\static/repos\sad [in D:/ProjectsLocal/SwitchON/DataUploadTool/app.py:73]
2016-01-15 12:11:22,470 INFO: Data Upload Tool startup [in D:/ProjectsLocal/SwitchON/DataUploadTool/app.py:38]
2016-01-15 12:11:22,644 INFO: Data Upload Tool startup [in D:/ProjectsLocal/SwitchON/DataUploadTool/app.py:38]
2016-01-15 12:11:26,130 INFO: Dataset will be stored in: D:/ProjectsLocal/SwitchON/DataUploadTool\static/repos\sfd [in D:/ProjectsLocal/SwitchON/DataUploadTool/app.py:73]
2016-01-15 12:11:31,154 INFO: File: DANK005b_Beregeningslocaties_1_2.png saved succesfully in working copy [in D:/ProjectsLocal/SwitchON/DataUploadTool/app.py:105]
2016-01-15 12:11:55,270 INFO: File: DANK005b_Beregeningslocaties_1_2_3.png saved succesfully in working copy [in D:/ProjectsLocal/SwitchON/DataUploadTool/app.py:105]
2016-01-15 12:11:59,025 INFO: Dataset will be stored in: D:/ProjectsLocal/SwitchON/DataUploadTool\static/repos\sfd [in D:/ProjectsLocal/SwitchON/DataUploadTool/app.py:73]
2016-01-15 12:12:58,385 INFO: Dataset will be stored in: D:/ProjectsLocal/SwitchON/DataUploadTool\static/repos\sfd [in D:/ProjectsLocal/SwitchON/DataUploadTool/app.py:73]
2016-01-15 12:13:06,773 INFO: File: DANK005b_Beregeningslocaties_1_2_3_4.png saved succesfully in working copy [in D:/ProjectsLocal/SwitchON/DataUploadTool/app.py:105]
2016-01-15 12:13:13,069 ERROR: Failed to delete: DANK005b_Beregeningslocaties_1_2_3_4.png from the repository [in D:/ProjectsLocal/SwitchON/DataUploadTool/app.py:181]
2016-01-15 12:15:07,078 INFO: Data Upload Tool startup [in D:/ProjectsLocal/SwitchON/DataUploadTool/app.py:38]
2016-01-15 12:15:07,585 INFO: Data Upload Tool startup [in D:/ProjectsLocal/SwitchON/DataUploadTool/app.py:38]
2016-01-15 12:15:11,167 INFO: Dataset will be stored in: D:/ProjectsLocal/SwitchON/DataUploadTool\static/repos\sdf [in D:/ProjectsLocal/SwitchON/DataUploadTool/app.py:73]
2016-01-15 12:17:37,520 INFO: Data Upload Tool startup [in D:/ProjectsLocal/SwitchON/DataUploadTool/app.py:38]
2016-01-15 12:17:38,055 INFO: Data Upload Tool startup [in D:/ProjectsLocal/SwitchON/DataUploadTool/app.py:38]
2016-01-15 12:17:41,247 INFO: Dataset will be stored in: D:/ProjectsLocal/SwitchON/DataUploadTool\static/repos\sf [in D:/ProjectsLocal/SwitchON/DataUploadTool/app.py:73]
2016-01-15 12:31:52,548 INFO: File: DANK007_terrestrische_natuur_1_2_3.png saved succesfully in working copy [in D:/ProjectsLocal/SwitchON/DataUploadTool/app.py:105]
2016-01-15 12:31:52,901 INFO: File: Deltascenarios_1.png saved succesfully in working copy [in D:/ProjectsLocal/SwitchON/DataUploadTool/app.py:105]
2016-01-15 12:31:52,970 INFO: File: dinoloket.png saved succesfully in working copy [in D:/ProjectsLocal/SwitchON/DataUploadTool/app.py:105]
2016-01-15 12:31:53,019 INFO: File: dinoloket_gegevens.jpg saved succesfully in working copy [in D:/ProjectsLocal/SwitchON/DataUploadTool/app.py:105]
2016-01-15 12:32:09,994 INFO: Dataset will be stored in: D:/ProjectsLocal/SwitchON/DataUploadTool\static/repos\sf [in D:/ProjectsLocal/SwitchON/DataUploadTool/app.py:73]
2016-01-15 12:32:51,709 INFO: Data Upload Tool startup [in D:/ProjectsLocal/SwitchON/DataUploadTool/app.py:38]
2016-01-15 12:33:09,484 INFO: Dataset will be stored in: D:/ProjectsLocal/SwitchON/DataUploadTool\static/repos\sf [in D:/ProjectsLocal/SwitchON/DataUploadTool/app.py:73]
2016-01-15 12:34:02,354 INFO: Data Upload Tool startup [in D:/ProjectsLocal/SwitchON/DataUploadTool/app.py:38]
2016-01-15 12:34:02,845 INFO: Data Upload Tool startup [in D:/ProjectsLocal/SwitchON/DataUploadTool/app.py:38]
2016-01-15 12:34:07,617 INFO: Dataset will be stored in: D:/ProjectsLocal/SwitchON/DataUploadTool\static/repos\sfd [in D:/ProjectsLocal/SwitchON/DataUploadTool/app.py:73]
2016-01-15 12:35:12,151 INFO: Dataset will be stored in: D:/ProjectsLocal/SwitchON/DataUploadTool\static/repos\sf [in D:/ProjectsLocal/SwitchON/DataUploadTool/app.py:73]
2016-01-15 12:35:22,667 INFO: Data Upload Tool startup [in D:/ProjectsLocal/SwitchON/DataUploadTool/app.py:38]
2016-01-15 12:35:23,160 INFO: Data Upload Tool startup [in D:/ProjectsLocal/SwitchON/DataUploadTool/app.py:38]
2016-01-15 12:35:30,594 INFO: Dataset will be stored in: D:/ProjectsLocal/SwitchON/DataUploadTool\static/repos\sfd [in D:/ProjectsLocal/SwitchON/DataUploadTool/app.py:73]
2016-01-15 12:36:58,674 INFO: Dataset will be stored in: D:/ProjectsLocal/SwitchON/DataUploadTool\static/repos\sfd [in D:/ProjectsLocal/SwitchON/DataUploadTool/app.py:73]
2016-01-15 12:37:04,394 INFO: Dataset will be stored in: D:/ProjectsLocal/SwitchON/DataUploadTool\static/repos\sfd [in D:/ProjectsLocal/SwitchON/DataUploadTool/app.py:73]
2016-01-15 12:37:17,109 INFO: File: DANK005b_Beregeningslocaties_1_2_3_4_5.png saved succesfully in working copy [in D:/ProjectsLocal/SwitchON/DataUploadTool/app.py:105]
2016-01-15 12:38:02,926 INFO: Data Upload Tool startup [in D:/ProjectsLocal/SwitchON/DataUploadTool/app.py:38]
2016-01-15 12:38:03,433 INFO: Data Upload Tool startup [in D:/ProjectsLocal/SwitchON/DataUploadTool/app.py:38]
2016-01-15 12:38:08,826 INFO: Dataset will be stored in: D:/ProjectsLocal/SwitchON/DataUploadTool\static/repos\sdf [in D:/ProjectsLocal/SwitchON/DataUploadTool/app.py:73]
2016-01-15 12:41:08,071 INFO: Dataset will be stored in: D:/ProjectsLocal/SwitchON/DataUploadTool\static/repos\sdf [in D:/ProjectsLocal/SwitchON/DataUploadTool/app.py:73]
2016-01-15 12:41:46,855 INFO: Dataset will be stored in: D:/ProjectsLocal/SwitchON/DataUploadTool\static/repos\sdf [in D:/ProjectsLocal/SwitchON/DataUploadTool/app.py:73]
2016-01-15 12:44:18,484 INFO: Data Upload Tool startup [in D:/ProjectsLocal/SwitchON/DataUploadTool/app.py:38]
2016-01-15 12:45:49,775 INFO: Data Upload Tool startup [in D:/ProjectsLocal/SwitchON/DataUploadTool/app.py:38]
2016-01-15 12:45:49,951 INFO: Data Upload Tool startup [in D:/ProjectsLocal/SwitchON/DataUploadTool/app.py:38]
2016-01-15 12:45:53,059 INFO: Dataset will be stored in: D:/ProjectsLocal/SwitchON/DataUploadTool\static/repos\ca [in D:/ProjectsLocal/SwitchON/DataUploadTool/app.py:73]
2016-01-15 14:42:05,342 INFO: Data Upload Tool startup [in D:/ProjectsLocal/SwitchON/DataUploadTool/app.py:38]
2016-01-15 14:42:05,526 INFO: Data Upload Tool startup [in D:/ProjectsLocal/SwitchON/DataUploadTool/app.py:38]
2016-01-15 14:42:09,661 INFO: Data Upload Tool startup [in D:/ProjectsLocal/SwitchON/DataUploadTool/app.py:38]
2016-01-15 14:42:10,167 INFO: Data Upload Tool startup [in D:/ProjectsLocal/SwitchON/DataUploadTool/app.py:38]
2016-01-15 14:42:27,003 INFO: Dataset will be stored in: D:/ProjectsLocal/SwitchON/DataUploadTool\static/repos\sfd [in D:/ProjectsLocal/SwitchON/DataUploadTool/app.py:73]
2016-01-15 14:42:34,869 INFO: Dataset will be stored in: D:/ProjectsLocal/SwitchON/DataUploadTool\static/repos\sfd\sfd [in D:/ProjectsLocal/SwitchON/DataUploadTool/app.py:73]
2016-01-15 14:46:16,108 INFO: Dataset will be stored in: D:/ProjectsLocal/SwitchON/DataUploadTool\static/repos\sfd\sfd\sfd [in D:/ProjectsLocal/SwitchON/DataUploadTool/app.py:73]
2016-01-15 14:50:36,588 INFO: Data Upload Tool startup [in D:/ProjectsLocal/SwitchON/DataUploadTool/app.py:38]
2016-01-15 14:51:00,012 INFO: Dataset will be stored in: D:/ProjectsLocal/SwitchON/DataUploadTool\static/repos\sfd [in D:/ProjectsLocal/SwitchON/DataUploadTool/app.py:73]
2016-01-15 14:51:24,039 INFO: Dataset will be stored in: D:/ProjectsLocal/SwitchON/DataUploadTool\static/repos\sfd\sfd [in D:/ProjectsLocal/SwitchON/DataUploadTool/app.py:73]
2016-01-15 14:51:53,249 INFO: Data Upload Tool startup [in D:/ProjectsLocal/SwitchON/DataUploadTool/app.py:38]
2016-01-15 14:51:53,744 INFO: Data Upload Tool startup [in D:/ProjectsLocal/SwitchON/DataUploadTool/app.py:38]
2016-01-15 14:52:00,721 INFO: Dataset will be stored in: D:/ProjectsLocal/SwitchON/DataUploadTool\static/repos\sfd\sfd\fds [in D:/ProjectsLocal/SwitchON/DataUploadTool/app.py:73]
2016-01-15 14:52:36,630 INFO: Dataset will be stored in: D:/ProjectsLocal/SwitchON/DataUploadTool\static/repos\sfd\sfd\fds\ca [in D:/ProjectsLocal/SwitchON/DataUploadTool/app.py:73]
2016-01-15 14:54:13,082 INFO: Dataset will be stored in: D:/ProjectsLocal/SwitchON/DataUploadTool\static/repos\sfd\sfd\fds\ca\ca [in D:/ProjectsLocal/SwitchON/DataUploadTool/app.py:73]
2016-01-15 14:54:23,609 INFO: Dataset will be stored in: D:/ProjectsLocal/SwitchON/DataUploadTool\static/repos\sfd\sfd\fds\ca\ca\ca [in D:/ProjectsLocal/SwitchON/DataUploadTool/app.py:73]
2016-01-15 14:55:26,015 INFO: Data Upload Tool startup [in D:/ProjectsLocal/SwitchON/DataUploadTool/app.py:38]
2016-01-15 14:55:31,931 INFO: Dataset will be stored in: D:/ProjectsLocal/SwitchON/DataUploadTool\static/repos\ca [in D:/ProjectsLocal/SwitchON/DataUploadTool/app.py:73]
2016-01-15 14:57:02,030 INFO: Data Upload Tool startup [in D:/ProjectsLocal/SwitchON/DataUploadTool/app.py:38]
2016-01-15 14:57:23,599 INFO: Data Upload Tool startup [in D:/ProjectsLocal/SwitchON/DataUploadTool/app.py:38]
2016-01-15 14:59:23,270 INFO: Data Upload Tool startup [in D:/ProjectsLocal/SwitchON/DataUploadTool/app.py:38]
2016-01-15 14:59:41,592 INFO: Data Upload Tool startup [in D:/ProjectsLocal/SwitchON/DataUploadTool/app.py:38]
2016-01-15 14:59:46,224 INFO: Dataset will be stored in: D:/ProjectsLocal/SwitchON/DataUploadTool\static/repos\ca [in D:/ProjectsLocal/SwitchON/DataUploadTool/app.py:74]
2016-01-15 15:00:05,210 INFO: Data Upload Tool startup [in D:/ProjectsLocal/SwitchON/DataUploadTool/app.py:38]
2016-01-15 15:00:11,089 INFO: Dataset will be stored in: D:/ProjectsLocal/SwitchON/DataUploadTool\static/repos\ca [in D:/ProjectsLocal/SwitchON/DataUploadTool/app.py:74]
2016-01-15 15:00:19,203 INFO: Dataset will be stored in: D:/ProjectsLocal/SwitchON/DataUploadTool\static/repos\ca [in D:/ProjectsLocal/SwitchON/DataUploadTool/app.py:74]
2016-01-15 15:00:30,732 INFO: Data Upload Tool startup [in D:/ProjectsLocal/SwitchON/DataUploadTool/app.py:38]
2016-01-15 15:00:31,233 INFO: Data Upload Tool startup [in D:/ProjectsLocal/SwitchON/DataUploadTool/app.py:38]
2016-01-15 15:00:35,802 INFO: Dataset will be stored in: D:/ProjectsLocal/SwitchON/DataUploadTool\static/repos\ca [in D:/ProjectsLocal/SwitchON/DataUploadTool/app.py:74]
2016-01-15 15:01:00,426 INFO: Dataset will be stored in: D:/ProjectsLocal/SwitchON/DataUploadTool\static/repos\ca [in D:/ProjectsLocal/SwitchON/DataUploadTool/app.py:74]
2016-01-15 15:01:19,667 INFO: Dataset will be stored in: D:/ProjectsLocal/SwitchON/DataUploadTool\static/repos\ca [in D:/ProjectsLocal/SwitchON/DataUploadTool/app.py:74]
2016-01-15 15:02:54,996 INFO: Data Upload Tool startup [in D:/ProjectsLocal/SwitchON/DataUploadTool/app.py:38]
2016-01-15 15:02:55,513 INFO: Data Upload Tool startup [in D:/ProjectsLocal/SwitchON/DataUploadTool/app.py:38]
2016-01-15 15:03:00,502 INFO: Dataset will be stored in: D:/ProjectsLocal/SwitchON/DataUploadTool\static/repos\ca [in D:/ProjectsLocal/SwitchON/DataUploadTool/app.py:74]
2016-01-15 15:03:28,334 ERROR: Failed to delete: DANK005b_Beregeningslocaties.png from the repository [in D:/ProjectsLocal/SwitchON/DataUploadTool/app.py:186]
2016-01-15 15:03:36,918 ERROR: Failed to delete: DANK005b_Beregeningslocaties_1.png from the repository [in D:/ProjectsLocal/SwitchON/DataUploadTool/app.py:186]
2016-01-15 15:14:35,834 INFO: Data Upload Tool startup [in D:/ProjectsLocal/SwitchON/DataUploadTool/app.py:38]
2016-01-15 15:14:36,342 INFO: Data Upload Tool startup [in D:/ProjectsLocal/SwitchON/DataUploadTool/app.py:38]
2016-01-15 15:14:51,766 INFO: Dataset will be stored in: D:/ProjectsLocal/SwitchON/DataUploadTool\static/repos\ca [in D:/ProjectsLocal/SwitchON/DataUploadTool/app.py:74]
2016-01-15 15:31:25,990 INFO: File: ahn2_1.png saved succesfully in working copy [in D:/ProjectsLocal/SwitchON/DataUploadTool/app.py:106]
2016-01-15 15:31:26,151 INFO: File: DANK005b_Beregeningslocaties_1_2_3_4_5_6.png saved succesfully in working copy [in D:/ProjectsLocal/SwitchON/DataUploadTool/app.py:106]
2016-01-15 15:31:46,720 INFO: Data Upload Tool startup [in D:/ProjectsLocal/SwitchON/DataUploadTool/app.py:38]
2016-01-15 15:31:46,895 INFO: Data Upload Tool startup [in D:/ProjectsLocal/SwitchON/DataUploadTool/app.py:38]
2016-01-15 15:31:51,391 INFO: Dataset will be stored in: D:/ProjectsLocal/SwitchON/DataUploadTool\static/repos\ca [in D:/ProjectsLocal/SwitchON/DataUploadTool/app.py:74]
2016-01-15 15:31:55,686 INFO: File: DANK005b_Beregeningslocaties_1_2_3_4_5_6_7.png saved succesfully in working copy [in D:/ProjectsLocal/SwitchON/DataUploadTool/app.py:106]
2016-01-15 15:32:22,296 INFO: File: dinoloket_1.png saved succesfully in working copy [in D:/ProjectsLocal/SwitchON/DataUploadTool/app.py:106]
2016-01-15 15:33:34,865 INFO: Data Upload Tool startup [in D:/ProjectsLocal/SwitchON/DataUploadTool/app.py:38]
2016-01-15 15:33:35,381 INFO: Data Upload Tool startup [in D:/ProjectsLocal/SwitchON/DataUploadTool/app.py:38]
2016-01-15 15:33:45,487 INFO: Dataset will be stored in: D:/ProjectsLocal/SwitchON/DataUploadTool\static/repos\ca [in D:/ProjectsLocal/SwitchON/DataUploadTool/app.py:74]
2016-01-15 15:36:37,227 INFO: Data Upload Tool startup [in D:/ProjectsLocal/SwitchON/DataUploadTool/app.py:38]
2016-01-15 15:36:41,115 INFO: File: dinoloket_1_2.png saved succesfully in working copy [in D:/ProjectsLocal/SwitchON/DataUploadTool/app.py:109]
2016-01-15 15:36:52,878 INFO: File: ferrybox.png saved succesfully in working copy [in D:/ProjectsLocal/SwitchON/DataUploadTool/app.py:109]
2016-01-15 15:37:37,105 INFO: Data Upload Tool startup [in D:/ProjectsLocal/SwitchON/DataUploadTool/app.py:38]
2016-01-15 15:37:37,282 INFO: Data Upload Tool startup [in D:/ProjectsLocal/SwitchON/DataUploadTool/app.py:38]
2016-01-15 15:37:47,769 INFO: Dataset will be stored in: D:/ProjectsLocal/SwitchON/DataUploadTool\static/repos\johana [in D:/ProjectsLocal/SwitchON/DataUploadTool/app.py:74]
2016-01-15 15:37:56,082 INFO: File: ahn2_1_2.png saved succesfully in working copy [in D:/ProjectsLocal/SwitchON/DataUploadTool/app.py:109]
2016-01-15 15:37:56,088 INFO: File: aster7m_1.jpg saved succesfully in working copy [in D:/ProjectsLocal/SwitchON/DataUploadTool/app.py:109]
2016-01-15 15:37:56,096 INFO: File: BAG.png saved succesfully in working copy [in D:/ProjectsLocal/SwitchON/DataUploadTool/app.py:109]
2016-01-15 15:38:38,950 INFO: Dataset will be stored in: D:/ProjectsLocal/SwitchON/DataUploadTool\static/repos\ca [in D:/ProjectsLocal/SwitchON/DataUploadTool/app.py:74]
2016-01-15 15:39:28,556 INFO: Data Upload Tool startup [in D:/ProjectsLocal/SwitchON/DataUploadTool/app.py:38]
2016-01-15 15:39:34,838 INFO: Data Upload Tool startup [in D:/ProjectsLocal/SwitchON/DataUploadTool/app.py:38]
2016-01-15 15:39:35,348 INFO: Data Upload Tool startup [in D:/ProjectsLocal/SwitchON/DataUploadTool/app.py:38]
2016-01-15 15:39:39,831 INFO: Dataset will be stored in: D:/ProjectsLocal/SwitchON/DataUploadTool\static/repos\ca [in D:/ProjectsLocal/SwitchON/DataUploadTool/app.py:74]
2016-01-15 15:40:58,582 INFO: Data Upload Tool startup [in D:/ProjectsLocal/SwitchON/DataUploadTool/app.py:38]
2016-01-15 15:41:29,519 INFO: Data Upload Tool startup [in D:/ProjectsLocal/SwitchON/DataUploadTool/app.py:38]
2016-01-15 15:51:51,165 INFO: Data Upload Tool startup [in D:/ProjectsLocal/SwitchON/DataUploadTool/app.py:38]
2016-01-15 15:52:53,329 INFO: Data Upload Tool startup [in D:/ProjectsLocal/SwitchON/DataUploadTool/app.py:38]
2016-01-15 15:53:15,904 INFO: Data Upload Tool startup [in D:/ProjectsLocal/SwitchON/DataUploadTool/app.py:38]
2016-01-15 15:59:33,381 INFO: Data Upload Tool startup [in D:/ProjectsLocal/SwitchON/DataUploadTool/app.py:38]
2016-01-15 15:59:33,891 INFO: Data Upload Tool startup [in D:/ProjectsLocal/SwitchON/DataUploadTool/app.py:38]
2016-01-15 15:59:37,407 INFO: Dataset will be stored in: D:/ProjectsLocal/SwitchON/DataUploadTool\static/repos\ca [in D:/ProjectsLocal/SwitchON/DataUploadTool/app.py:74]
2016-01-15 16:00:50,687 INFO: Data Upload Tool startup [in D:/ProjectsLocal/SwitchON/DataUploadTool/app.py:38]
2016-01-15 16:00:59,648 INFO: Data Upload Tool startup [in D:/ProjectsLocal/SwitchON/DataUploadTool/app.py:38]
2016-01-15 16:01:08,326 INFO: Data Upload Tool startup [in D:/ProjectsLocal/SwitchON/DataUploadTool/app.py:38]
2016-01-15 16:01:08,838 INFO: Data Upload Tool startup [in D:/ProjectsLocal/SwitchON/DataUploadTool/app.py:38]
2016-01-15 16:01:12,691 INFO: Dataset will be stored in: D:/ProjectsLocal/SwitchON/DataUploadTool\static/repos\ca [in D:/ProjectsLocal/SwitchON/DataUploadTool/app.py:74]
2016-01-15 16:01:41,792 INFO: Data Upload Tool startup [in D:/ProjectsLocal/SwitchON/DataUploadTool/app.py:38]
2016-01-15 16:01:50,009 INFO: Data Upload Tool startup [in D:/ProjectsLocal/SwitchON/DataUploadTool/app.py:38]
2016-01-15 16:01:50,552 INFO: Data Upload Tool startup [in D:/ProjectsLocal/SwitchON/DataUploadTool/app.py:38]
2016-01-15 16:01:53,756 INFO: Dataset will be stored in: D:/ProjectsLocal/SwitchON/DataUploadTool\static/repos\ca [in D:/ProjectsLocal/SwitchON/DataUploadTool/app.py:74]
2016-01-15 16:04:05,095 INFO: Data Upload Tool startup [in D:/ProjectsLocal/SwitchON/DataUploadTool/app.py:38]
2016-01-15 16:05:04,183 INFO: Data Upload Tool startup [in D:/ProjectsLocal/SwitchON/DataUploadTool/app.py:38]
2016-01-15 16:05:42,299 INFO: Data Upload Tool startup [in D:/ProjectsLocal/SwitchON/DataUploadTool/app.py:38]
2016-01-15 16:07:21,371 INFO: Data Upload Tool startup [in D:/ProjectsLocal/SwitchON/DataUploadTool/app.py:38]
2016-01-15 16:09:34,509 INFO: Data Upload Tool startup [in D:/ProjectsLocal/SwitchON/DataUploadTool/app.py:38]
2016-01-15 16:09:35,062 INFO: Data Upload Tool startup [in D:/ProjectsLocal/SwitchON/DataUploadTool/app.py:38]
2016-01-15 16:09:38,911 INFO: Dataset will be stored in: D:/ProjectsLocal/SwitchON/DataUploadTool\static/repos\ca [in D:/ProjectsLocal/SwitchON/DataUploadTool/app.py:74]
2016-01-15 16:10:57,342 INFO: Data Upload Tool startup [in D:/ProjectsLocal/SwitchON/DataUploadTool/app.py:38]
2016-01-15 16:10:57,846 INFO: Data Upload Tool startup [in D:/ProjectsLocal/SwitchON/DataUploadTool/app.py:38]
2016-01-15 16:11:02,359 INFO: Dataset will be stored in: D:/ProjectsLocal/SwitchON/DataUploadTool\static/repos\ca [in D:/ProjectsLocal/SwitchON/DataUploadTool/app.py:74]
2016-01-15 16:11:44,355 INFO: Data Upload Tool startup [in D:/ProjectsLocal/SwitchON/DataUploadTool/app.py:38]
2016-01-15 16:11:44,851 INFO: Data Upload Tool startup [in D:/ProjectsLocal/SwitchON/DataUploadTool/app.py:38]
2016-01-15 16:11:48,499 INFO: Dataset will be stored in: D:/ProjectsLocal/SwitchON/DataUploadTool\static/repos\ca [in D:/ProjectsLocal/SwitchON/DataUploadTool/app.py:74]
2016-01-15 16:12:16,753 INFO: Data Upload Tool startup [in D:/ProjectsLocal/SwitchON/DataUploadTool/app.py:38]
2016-01-15 16:12:47,664 INFO: Data Upload Tool startup [in D:/ProjectsLocal/SwitchON/DataUploadTool/app.py:38]
2016-01-15 16:13:24,750 INFO: Data Upload Tool startup [in D:/ProjectsLocal/SwitchON/DataUploadTool/app.py:38]
2016-01-15 16:13:29,418 INFO: TEST [in D:/ProjectsLocal/SwitchON/DataUploadTool/app.py:215]
2016-01-15 16:13:31,043 INFO: TEST [in D:/ProjectsLocal/SwitchON/DataUploadTool/app.py:215]
2016-01-15 16:14:12,420 INFO: Data Upload Tool startup [in D:/ProjectsLocal/SwitchON/DataUploadTool/app.py:38]
2016-01-15 16:51:50,076 INFO: Data Upload Tool startup [in D:/ProjectsLocal/SwitchON/DataUploadTool/app.py:38]
2016-01-15 16:52:10,505 INFO: Data Upload Tool startup [in D:/ProjectsLocal/SwitchON/DataUploadTool/app.py:38]
2016-01-15 16:52:17,331 INFO: Data Upload Tool startup [in D:/ProjectsLocal/SwitchON/DataUploadTool/app.py:38]
2016-01-15 16:52:23,555 INFO: Deleted file: ca/DANK005b_Beregeningslocaties_1.png succesfully [in D:/ProjectsLocal/SwitchON/DataUploadTool/app.py:199]
2016-01-15 16:52:25,561 INFO: Deleted file: ca/DANK005b_Beregeningslocaties.png succesfully [in D:/ProjectsLocal/SwitchON/DataUploadTool/app.py:199]
2016-01-15 16:52:28,440 INFO: Deleted file: ca/Deltascenarios_1.png succesfully [in D:/ProjectsLocal/SwitchON/DataUploadTool/app.py:199]
2016-01-15 16:52:43,568 INFO: File: DANK007_terrestrische_natuur_1_2_3_4.png saved succesfully in working copy [in D:/ProjectsLocal/SwitchON/DataUploadTool/app.py:109]
2016-01-15 16:53:11,157 INFO: Data Upload Tool startup [in D:/ProjectsLocal/SwitchON/DataUploadTool/app.py:38]
2016-01-15 16:54:06,535 INFO: Dataset will be stored in: D:/ProjectsLocal/SwitchON/DataUploadTool\static/repos\rt-=. [in D:/ProjectsLocal/SwitchON/DataUploadTool/app.py:74]
2016-01-15 16:54:13,752 INFO: File: DANK005b_Beregeningslocaties_1_2_3_4_5_6_7_8.png saved succesfully in working copy [in D:/ProjectsLocal/SwitchON/DataUploadTool/app.py:109]
2016-01-15 16:54:17,006 INFO: Deleted file: rt-=./DANK005b_Beregeningslocaties_1_2_3_4_5_6_7_8.png succesfully [in D:/ProjectsLocal/SwitchON/DataUploadTool/app.py:199]
2016-01-16 13:03:51,239 INFO: Data Upload Tool startup [in D:/ProjectsLocal/SwitchON/DataUploadTool/app.py:38]
2016-01-16 13:03:51,563 INFO: Data Upload Tool startup [in D:/ProjectsLocal/SwitchON/DataUploadTool/app.py:38]
2016-01-16 13:03:55,976 INFO: Dataset will be stored in: D:/ProjectsLocal/SwitchON/DataUploadTool\static/repos\ca [in D:/ProjectsLocal/SwitchON/DataUploadTool/app.py:74]
2016-01-16 13:04:00,855 INFO: File: DANK005b_Beregeningslocaties_1_2_3_4_5_6_7_8.png saved succesfully in working copy [in D:/ProjectsLocal/SwitchON/DataUploadTool/app.py:109]
2016-01-16 13:04:12,611 INFO: Dataset will be stored in: D:/ProjectsLocal/SwitchON/DataUploadTool\static/repos\jhafl [in D:/ProjectsLocal/SwitchON/DataUploadTool/app.py:74]
2016-01-16 13:04:20,257 INFO: File: Deltascenarios_1_2.png saved succesfully in working copy [in D:/ProjectsLocal/SwitchON/DataUploadTool/app.py:109]
2016-01-16 13:04:21,344 INFO: Deleted file: jhafl/Deltascenarios_1_2.png succesfully [in D:/ProjectsLocal/SwitchON/DataUploadTool/app.py:199]
2016-01-16 13:04:26,191 INFO: File: dinoloket_1_2.png saved succesfully in working copy [in D:/ProjectsLocal/SwitchON/DataUploadTool/app.py:109]
2016-01-16 13:04:33,280 INFO: Dataset will be stored in: D:/ProjectsLocal/SwitchON/DataUploadTool\static/repos\jhafl [in D:/ProjectsLocal/SwitchON/DataUploadTool/app.py:74]
2016-01-16 13:09:22,220 INFO: Data Upload Tool startup [in D:/ProjectsLocal/SwitchON/DataUploadTool/app.py:38]
2016-01-16 13:09:22,723 INFO: Data Upload Tool startup [in D:/ProjectsLocal/SwitchON/DataUploadTool/app.py:38]
2016-01-16 13:09:27,841 INFO: Dataset will be stored in: D:/ProjectsLocal/SwitchON/DataUploadTool\static/repos\ca [in D:/ProjectsLocal/SwitchON/DataUploadTool/app.py:74]
2016-01-16 13:10:33,786 INFO: Data Upload Tool startup [in D:/ProjectsLocal/SwitchON/DataUploadTool/app.py:38]
2016-01-16 13:10:34,292 INFO: Data Upload Tool startup [in D:/ProjectsLocal/SwitchON/DataUploadTool/app.py:38]
2016-01-16 13:10:38,963 INFO: Dataset will be stored in: D:/ProjectsLocal/SwitchON/DataUploadTool\static/repos\ca [in D:/ProjectsLocal/SwitchON/DataUploadTool/app.py:74]
2016-01-16 13:12:03,786 INFO: Data Upload Tool startup [in D:/ProjectsLocal/SwitchON/DataUploadTool/app.py:38]
2016-01-16 13:12:28,562 INFO: Data Upload Tool startup [in D:/ProjectsLocal/SwitchON/DataUploadTool/app.py:38]
2016-01-16 13:12:28,736 INFO: Data Upload Tool startup [in D:/ProjectsLocal/SwitchON/DataUploadTool/app.py:38]
2016-01-16 13:12:34,038 INFO: Dataset will be stored in: D:/ProjectsLocal/SwitchON/DataUploadTool\static/repos\ca [in D:/ProjectsLocal/SwitchON/DataUploadTool/app.py:74]
2016-01-16 13:13:30,023 INFO: Data Upload Tool startup [in D:/ProjectsLocal/SwitchON/DataUploadTool/app.py:38]
2016-01-16 13:13:48,770 INFO: Dataset will be stored in: D:/ProjectsLocal/SwitchON/DataUploadTool\static/repos\ca [in D:/ProjectsLocal/SwitchON/DataUploadTool/app.py:74]
2016-01-16 13:13:50,119 INFO: Deleted file: ca/dinoloket_1_2.png succesfully [in D:/ProjectsLocal/SwitchON/DataUploadTool/app.py:201]
2016-01-16 13:13:54,167 INFO: File: ahn2_1_2.png saved succesfully in working copy [in D:/ProjectsLocal/SwitchON/DataUploadTool/app.py:109]
2016-01-18 09:02:55,592 INFO: Data Upload Tool startup [in D:/ProjectsLocal/SwitchON/DataUploadTool/app.py:38]
2016-01-18 09:02:55,926 INFO: Data Upload Tool startup [in D:/ProjectsLocal/SwitchON/DataUploadTool/app.py:38]
2016-01-18 09:03:42,905 INFO: Dataset will be stored in: D:/ProjectsLocal/SwitchON/DataUploadTool\static/repos\hydrology [in D:/ProjectsLocal/SwitchON/DataUploadTool/app.py:74]
2016-01-18 09:03:56,474 INFO: File: dinoloket_gegevens_1.jpg saved succesfully in working copy [in D:/ProjectsLocal/SwitchON/DataUploadTool/app.py:109]
2016-01-18 09:03:56,483 INFO: File: Earth2Observe.png saved succesfully in working copy [in D:/ProjectsLocal/SwitchON/DataUploadTool/app.py:109]
2016-01-18 09:03:56,494 INFO: File: EarthData.png saved succesfully in working copy [in D:/ProjectsLocal/SwitchON/DataUploadTool/app.py:109]
2016-01-18 09:04:11,311 INFO: Dataset will be stored in: D:/ProjectsLocal/SwitchON/DataUploadTool\static/repos\hydrology [in D:/ProjectsLocal/SwitchON/DataUploadTool/app.py:74]
2016-01-18 09:13:11,852 INFO: Dataset will be stored in: D:/ProjectsLocal/SwitchON/DataUploadTool\static/repos\hydrology [in D:/ProjectsLocal/SwitchON/DataUploadTool/app.py:74]
2016-01-18 09:14:02,436 INFO: Dataset will be stored in: D:/ProjectsLocal/SwitchON/DataUploadTool\static/repos\hydrology [in D:/ProjectsLocal/SwitchON/DataUploadTool/app.py:74]
2016-01-18 09:14:25,698 INFO: Dataset will be stored in: D:/ProjectsLocal/SwitchON/DataUploadTool\static/repos\hydrology [in D:/ProjectsLocal/SwitchON/DataUploadTool/app.py:74]
2016-01-18 09:14:46,424 INFO: Dataset will be stored in: D:/ProjectsLocal/SwitchON/DataUploadTool\static/repos\hydrology [in D:/ProjectsLocal/SwitchON/DataUploadTool/app.py:74]
2016-01-18 09:16:58,563 INFO: Dataset will be stored in: D:/ProjectsLocal/SwitchON/DataUploadTool\static/repos\hydrology [in D:/ProjectsLocal/SwitchON/DataUploadTool/app.py:74]
2016-01-18 09:17:25,022 INFO: Dataset will be stored in: D:/ProjectsLocal/SwitchON/DataUploadTool\static/repos\hydrology [in D:/ProjectsLocal/SwitchON/DataUploadTool/app.py:74]
2016-01-18 09:17:39,142 INFO: File: DANK005b_Beregeningslocaties_1_2_3_4_5_6_7_8.png saved succesfully in working copy [in D:/ProjectsLocal/SwitchON/DataUploadTool/app.py:109]
2016-01-18 09:18:42,059 INFO: Dataset will be stored in: D:/ProjectsLocal/SwitchON/DataUploadTool\static/repos\hydrology [in D:/ProjectsLocal/SwitchON/DataUploadTool/app.py:74]
2016-01-18 09:19:04,881 INFO: File: ahn2_1_2.png saved succesfully in working copy [in D:/ProjectsLocal/SwitchON/DataUploadTool/app.py:109]
2016-01-18 09:19:15,822 INFO: Deleted file: hydrology/DANK005b_Beregeningslocaties_1_2_3_4_5_6_7_8.png succesfully [in D:/ProjectsLocal/SwitchON/DataUploadTool/app.py:201]
2016-01-18 09:19:17,016 INFO: Deleted file: hydrology/dinoloket_gegevens_1.jpg succesfully [in D:/ProjectsLocal/SwitchON/DataUploadTool/app.py:201]
2016-01-18 09:23:09,450 INFO: Data Upload Tool startup [in D:/ProjectsLocal/SwitchON/DataUploadTool/app.py:38]
2016-01-18 09:27:53,336 INFO: Dataset will be stored in: D:/ProjectsLocal/SwitchON/DataUploadTool\static/repos\xhrr [in D:/ProjectsLocal/SwitchON/DataUploadTool/app.py:73]
2016-01-18 09:27:58,267 INFO: File: ahn2_1_2.png saved succesfully in working copy [in D:/ProjectsLocal/SwitchON/DataUploadTool/app.py:108]
2016-01-18 09:29:16,289 INFO: Data Upload Tool startup [in D:/ProjectsLocal/SwitchON/DataUploadTool/app.py:38]
2016-01-18 09:30:56,315 INFO: Data Upload Tool startup [in D:/ProjectsLocal/SwitchON/DataUploadTool/app.py:38]
2016-01-18 09:31:12,618 INFO: Dataset will be stored in: D:/ProjectsLocal/SwitchON/DataUploadTool\static/repos\gfdsdfgfg [in D:/ProjectsLocal/SwitchON/DataUploadTool/app.py:73]
2016-01-18 09:31:21,526 INFO: File: ahn2_1_2.png saved succesfully in working copy [in D:/ProjectsLocal/SwitchON/DataUploadTool/app.py:108]
2016-01-18 09:31:21,532 INFO: File: aster7m_1.jpg saved succesfully in working copy [in D:/ProjectsLocal/SwitchON/DataUploadTool/app.py:108]
2016-01-18 09:31:22,871 INFO: Deleted file: gfdsdfgfg/ahn2_1_2.png succesfully [in D:/ProjectsLocal/SwitchON/DataUploadTool/app.py:196]
2016-01-18 09:37:17,448 INFO: Data Upload Tool startup [in D:/ProjectsLocal/SwitchON/DataUploadTool/app.py:38]
2016-01-18 09:46:48,953 INFO: Data Upload Tool startup [in D:/ProjectsLocal/SwitchON/DataUploadTool/app.py:38]
2016-01-18 09:47:26,881 INFO: Data Upload Tool startup [in D:/ProjectsLocal/SwitchON/DataUploadTool/app.py:38]
2016-01-18 09:48:37,273 INFO: Data Upload Tool startup [in D:/ProjectsLocal/SwitchON/DataUploadTool/app.py:38]
2016-01-18 09:48:56,371 INFO: Dataset will be stored in: D:/ProjectsLocal/SwitchON/DataUploadTool\static/repos\add [in D:/ProjectsLocal/SwitchON/DataUploadTool/app.py:73]
2016-01-18 09:54:37,065 INFO: Data Upload Tool startup [in D:/ProjectsLocal/SwitchON/DataUploadTool/app.py:38]
2016-01-18 09:54:47,030 INFO: Dataset will be stored in: D:/ProjectsLocal/SwitchON/DataUploadTool\static/repos\add [in D:/ProjectsLocal/SwitchON/DataUploadTool/app.py:73]
2016-01-18 09:56:23,836 INFO: Dataset will be stored in: D:/ProjectsLocal/SwitchON/DataUploadTool\static/repos\hydrology [in D:/ProjectsLocal/SwitchON/DataUploadTool/app.py:73]
2016-01-18 09:58:49,845 INFO: Data Upload Tool startup [in D:/ProjectsLocal/SwitchON/DataUploadTool/app.py:38]
2016-01-18 10:00:12,553 INFO: Data Upload Tool startup [in D:/ProjectsLocal/SwitchON/DataUploadTool/app.py:38]
2016-01-18 10:00:29,068 INFO: Data Upload Tool startup [in D:/ProjectsLocal/SwitchON/DataUploadTool/app.py:38]
2016-01-18 10:00:42,819 INFO: Dataset will be stored in: D:/ProjectsLocal/SwitchON/DataUploadTool\static/repos\hydrology [in D:/ProjectsLocal/SwitchON/DataUploadTool/app.py:73]
2016-01-18 10:01:41,641 INFO: Data Upload Tool startup [in D:/ProjectsLocal/SwitchON/DataUploadTool/app.py:38]
2016-01-18 10:01:45,845 INFO: Dataset will be stored in: D:/ProjectsLocal/SwitchON/DataUploadTool\static/repos\hydrology [in D:/ProjectsLocal/SwitchON/DataUploadTool/app.py:73]
2016-01-18 10:02:00,177 INFO: Data Upload Tool startup [in D:/ProjectsLocal/SwitchON/DataUploadTool/app.py:38]
2016-01-18 10:02:04,151 INFO: Dataset will be stored in: D:/ProjectsLocal/SwitchON/DataUploadTool\static/repos\hydrology [in D:/ProjectsLocal/SwitchON/DataUploadTool/app.py:73]
2016-01-18 10:02:11,665 INFO: Data Upload Tool startup [in D:/ProjectsLocal/SwitchON/DataUploadTool/app.py:38]
2016-01-18 10:02:50,414 INFO: Dataset will be stored in: D:/ProjectsLocal/SwitchON/DataUploadTool\static/repos\hydrology [in D:/ProjectsLocal/SwitchON/DataUploadTool/app.py:73]
2016-01-18 10:04:54,987 INFO: Dataset will be stored in: D:/ProjectsLocal/SwitchON/DataUploadTool\static/repos\hydrology [in D:/ProjectsLocal/SwitchON/DataUploadTool/app.py:73]
2016-01-18 10:09:51,486 INFO: Dataset will be stored in: D:/ProjectsLocal/SwitchON/DataUploadTool\static/repos\hydrology [in D:/ProjectsLocal/SwitchON/DataUploadTool/app.py:73]
2016-01-18 10:11:39,437 INFO: Dataset will be stored in: D:/ProjectsLocal/SwitchON/DataUploadTool\static/repos\hydrology [in D:/ProjectsLocal/SwitchON/DataUploadTool/app.py:73]
2016-01-18 10:12:48,704 INFO: Dataset will be stored in: D:/ProjectsLocal/SwitchON/DataUploadTool\static/repos\hydrology [in D:/ProjectsLocal/SwitchON/DataUploadTool/app.py:73]
2016-01-18 10:24:10,214 INFO: Data Upload Tool startup [in D:/ProjectsLocal/SwitchON/DataUploadTool/app.py:38]
2016-01-18 10:24:24,187 INFO: File: DANK005b_Beregeningslocaties_1_2_3_4_5_6_7_8.png saved succesfully in working copy [in D:/ProjectsLocal/SwitchON/DataUploadTool/app.py:117]
2016-01-18 10:24:25,720 INFO: File: grondwaterlichamen.jpg saved succesfully in working copy [in D:/ProjectsLocal/SwitchON/DataUploadTool/app.py:117]
2016-01-18 10:24:53,181 INFO: Data Upload Tool startup [in D:/ProjectsLocal/SwitchON/DataUploadTool/app.py:38]
2016-01-18 10:26:16,907 INFO: Data Upload Tool startup [in D:/ProjectsLocal/SwitchON/DataUploadTool/app.py:38]
2016-01-18 10:26:25,098 INFO: Deleted file: hydrology/ahn2_1_2.png succesfully [in D:/ProjectsLocal/SwitchON/DataUploadTool/app.py:205]
2016-01-18 10:26:26,107 INFO: Deleted file: hydrology/Earth2Observe.png succesfully [in D:/ProjectsLocal/SwitchON/DataUploadTool/app.py:205]
2016-01-18 10:26:26,762 INFO: Deleted file: hydrology/DANK005b_Beregeningslocaties_1_2_3_4_5_6_7_8.png succesfully [in D:/ProjectsLocal/SwitchON/DataUploadTool/app.py:205]
2016-01-18 10:26:32,710 INFO: Dataset will be stored in: D:/ProjectsLocal/SwitchON/DataUploadTool\static/repos\hydrology [in D:/ProjectsLocal/SwitchON/DataUploadTool/app.py:73]
2016-01-18 10:27:54,710 INFO: Data Upload Tool startup [in D:/ProjectsLocal/SwitchON/DataUploadTool/app.py:38]
2016-01-18 10:28:03,825 INFO: File: dinoloket_1_2.png saved succesfully in working copy [in D:/ProjectsLocal/SwitchON/DataUploadTool/app.py:117]
2016-01-18 10:28:05,118 INFO: Deleted file: hydrology/grondwaterlichamen.jpg succesfully [in D:/ProjectsLocal/SwitchON/DataUploadTool/app.py:205]
2016-01-18 10:29:20,812 INFO: Dataset will be stored in: D:/ProjectsLocal/SwitchON/DataUploadTool\static/repos\add [in D:/ProjectsLocal/SwitchON/DataUploadTool/app.py:73]
2016-01-18 10:29:28,368 INFO: File: ahn2_1_2.png saved succesfully in working copy [in D:/ProjectsLocal/SwitchON/DataUploadTool/app.py:117]
2016-01-18 10:29:30,371 INFO: Deleted file: add/ahn2_1_2.png succesfully [in D:/ProjectsLocal/SwitchON/DataUploadTool/app.py:205]
2016-01-18 10:29:37,454 INFO: Dataset will be stored in: D:/ProjectsLocal/SwitchON/DataUploadTool\static/repos\hydrology [in D:/ProjectsLocal/SwitchON/DataUploadTool/app.py:73]
2016-01-18 10:44:01,187 INFO: Data Upload Tool startup [in D:/ProjectsLocal/SwitchON/DataUploadTool/app.py:38]
2016-01-18 10:49:45,051 INFO: Data Upload Tool startup [in D:/ProjectsLocal/SwitchON/DataUploadTool/app.py:38]
2016-01-18 10:49:45,223 INFO: Data Upload Tool startup [in D:/ProjectsLocal/SwitchON/DataUploadTool/app.py:38]
2016-01-18 10:54:26,569 INFO: Data Upload Tool startup [in D:/ProjectsLocal/SwitchON/DataUploadTool/app.py:38]
2016-01-18 10:54:27,799 INFO: Dataset will be stored in existing folder: D:/ProjectsLocal/SwitchON/DataUploadTool\static/repos\add [in D:/ProjectsLocal/SwitchON/DataUploadTool/app.py:68]
2016-01-18 10:54:44,088 INFO: Data Upload Tool startup [in D:/ProjectsLocal/SwitchON/DataUploadTool/app.py:38]
2016-01-18 10:54:47,938 INFO: Dataset will be stored in existing folder: D:/ProjectsLocal/SwitchON/DataUploadTool\static/repos\add [in D:/ProjectsLocal/SwitchON/DataUploadTool/app.py:68]
2016-01-18 10:54:54,812 INFO: File: DANK005b_Beregeningslocaties_1_2_3_4_5_6_7_8.png saved succesfully in working copy [in D:/ProjectsLocal/SwitchON/DataUploadTool/app.py:116]
2016-01-18 10:55:17,180 INFO: File: dinoloket_1_2.png saved succesfully in working copy [in D:/ProjectsLocal/SwitchON/DataUploadTool/app.py:116]
2016-01-18 11:12:47,996 INFO: File: DANK007_terrestrische_natuur_1_2_3_4.png saved succesfully in working copy [in D:/ProjectsLocal/SwitchON/DataUploadTool/app.py:116]
2016-01-18 11:12:48,019 INFO: File: TOPEX_Poseidon.png saved succesfully in working copy [in D:/ProjectsLocal/SwitchON/DataUploadTool/app.py:116]
2016-01-18 11:12:48,033 INFO: File: tpxo8Atlas.png saved succesfully in working copy [in D:/ProjectsLocal/SwitchON/DataUploadTool/app.py:116]
2016-01-18 11:12:48,048 INFO: File: TWAP_RB.jpg saved succesfully in working copy [in D:/ProjectsLocal/SwitchON/DataUploadTool/app.py:116]
2016-01-18 11:12:48,098 INFO: File: TWAP_RB.png saved succesfully in working copy [in D:/ProjectsLocal/SwitchON/DataUploadTool/app.py:116]
2016-01-18 11:12:48,105 INFO: File: USGS_WaterInfoSystem.jpg saved succesfully in working copy [in D:/ProjectsLocal/SwitchON/DataUploadTool/app.py:116]
2016-01-18 11:12:59,476 INFO: Deleted file: add/DANK007_terrestrische_natuur_1_2_3_4.png succesfully [in D:/ProjectsLocal/SwitchON/DataUploadTool/app.py:203]
2016-01-18 11:13:00,671 INFO: Deleted file: add/tpxo8Atlas.png succesfully [in D:/ProjectsLocal/SwitchON/DataUploadTool/app.py:203]
2016-01-18 11:13:01,753 INFO: Deleted file: add/TWAP_RB.jpg succesfully [in D:/ProjectsLocal/SwitchON/DataUploadTool/app.py:203]
2016-01-18 11:13:02,177 INFO: Deleted file: add/USGS_WaterInfoSystem.jpg succesfully [in D:/ProjectsLocal/SwitchON/DataUploadTool/app.py:203]
2016-01-18 11:13:02,651 INFO: Deleted file: add/TWAP_RB.png succesfully [in D:/ProjectsLocal/SwitchON/DataUploadTool/app.py:203]
2016-01-18 11:27:04,519 INFO: Data Upload Tool startup [in D:/ProjectsLocal/SwitchON/DataUploadTool/app.py:38]
2016-01-18 11:28:09,601 INFO: Data Upload Tool startup [in D:/ProjectsLocal/SwitchON/DataUploadTool/app.py:38]
2016-01-18 11:33:17,940 INFO: File: dinoloket_1_2.png saved succesfully in working copy [in D:/ProjectsLocal/SwitchON/DataUploadTool/app.py:114]
2016-01-18 11:33:19,654 INFO: Deleted file: add/TOPEX_Poseidon.png succesfully [in D:/ProjectsLocal/SwitchON/DataUploadTool/app.py:200]
2016-01-18 11:33:20,341 INFO: Deleted file: add/DANK005b_Beregeningslocaties_1_2_3_4_5_6_7_8.png succesfully [in D:/ProjectsLocal/SwitchON/DataUploadTool/app.py:200]
2016-01-18 11:33:24,196 INFO: Dataset will be stored in existing folder: D:/ProjectsLocal/SwitchON/DataUploadTool\static/repos\add [in D:/ProjectsLocal/SwitchON/DataUploadTool/app.py:68]
2016-01-18 11:33:34,898 INFO: File: dinoloket_gegevens_1.jpg saved succesfully in working copy [in D:/ProjectsLocal/SwitchON/DataUploadTool/app.py:114]
2016-01-18 11:33:37,595 INFO: Dataset will be stored in existing folder: D:/ProjectsLocal/SwitchON/DataUploadTool\static/repos\add [in D:/ProjectsLocal/SwitchON/DataUploadTool/app.py:68]
2016-01-18 11:34:23,089 INFO: File: dinoloket_1_2.png saved succesfully in working copy [in D:/ProjectsLocal/SwitchON/DataUploadTool/app.py:114]
2016-01-18 11:34:35,479 INFO: File: DANK005b_Beregeningslocaties_1_2_3_4_5_6_7_8.png saved succesfully in working copy [in D:/ProjectsLocal/SwitchON/DataUploadTool/app.py:114]
2016-01-18 11:34:40,582 INFO: Dataset will be stored in existing folder: D:/ProjectsLocal/SwitchON/DataUploadTool\static/repos\add [in D:/ProjectsLocal/SwitchON/DataUploadTool/app.py:68]
2016-01-18 11:37:47,411 INFO: Data Upload Tool startup [in D:/ProjectsLocal/SwitchON/DataUploadTool/app.py:38]
2016-01-18 11:37:56,769 INFO: Data Upload Tool startup [in D:/ProjectsLocal/SwitchON/DataUploadTool/app.py:38]
2016-01-18 11:39:43,013 INFO: File: dinoloket_1_2.png saved succesfully in working copy [in D:/ProjectsLocal/SwitchON/DataUploadTool/app.py:114]
2016-01-18 11:39:47,743 INFO: Dataset will be stored in existing folder: D:/ProjectsLocal/SwitchON/DataUploadTool\static/repos\add [in D:/ProjectsLocal/SwitchON/DataUploadTool/app.py:68]
2016-01-18 11:50:48,312 INFO: File: ahn2_1_2.png saved succesfully in working copy [in D:/ProjectsLocal/SwitchON/DataUploadTool/app.py:114]
2016-01-18 11:56:29,098 INFO: Deleted file: add/ahn2_1_2.png succesfully [in D:/ProjectsLocal/SwitchON/DataUploadTool/app.py:200]
2016-01-18 11:56:32,934 INFO: File: dinoloket_1_2.png saved succesfully in working copy [in D:/ProjectsLocal/SwitchON/DataUploadTool/app.py:114]
2016-01-18 11:59:27,802 INFO: File: DANK005b_Beregeningslocaties_1_2_3_4_5_6_7_8.png saved succesfully in working copy [in D:/ProjectsLocal/SwitchON/DataUploadTool/app.py:114]
2016-01-18 12:00:43,298 INFO: Deleted file: add/DANK005b_Beregeningslocaties_1_2_3_4_5_6_7_8.png succesfully [in D:/ProjectsLocal/SwitchON/DataUploadTool/app.py:200]
2016-01-18 12:17:03,813 INFO: File: DANK005b_Beregeningslocaties_1_2_3_4_5_6_7_8.png saved succesfully in working copy [in D:/ProjectsLocal/SwitchON/DataUploadTool/app.py:114]
2016-01-18 14:09:08,256 INFO: Data Upload Tool startup [in D:/ProjectsLocal/SwitchON/DataUploadTool/app.py:38]
2016-01-18 14:09:08,578 INFO: Data Upload Tool startup [in D:/ProjectsLocal/SwitchON/DataUploadTool/app.py:38]
2016-01-18 14:09:14,854 INFO: Dataset will be stored in existing folder: D:/ProjectsLocal/SwitchON/DataUploadTool\static/repos\add [in D:/ProjectsLocal/SwitchON/DataUploadTool/app.py:68]
2016-01-18 14:13:13,339 INFO: Data Upload Tool startup [in D:/ProjectsLocal/SwitchON/DataUploadTool/app.py:38]
2016-01-18 14:13:19,825 INFO: File: DANK005b_Beregeningslocaties.png saved succesfully in working copy [in D:/ProjectsLocal/SwitchON/DataUploadTool/app.py:114]
2016-01-18 14:13:26,983 INFO: File: dinoloket.png saved succesfully in working copy [in D:/ProjectsLocal/SwitchON/DataUploadTool/app.py:114]
2016-01-18 14:13:29,395 INFO: Deleted file: add/dinoloket_1_2.png succesfully [in D:/ProjectsLocal/SwitchON/DataUploadTool/app.py:200]
2016-01-18 14:13:30,535 INFO: Deleted file: add/dinoloket_gegevens_1.jpg succesfully [in D:/ProjectsLocal/SwitchON/DataUploadTool/app.py:200]
2016-01-18 14:58:19,413 INFO: File: ahn2.png saved succesfully in working copy [in D:/ProjectsLocal/SwitchON/DataUploadTool/app.py:114]
2016-01-19 17:33:33,769 INFO: Data Upload Tool startup [in D:/ProjectsLocal/SwitchON/DataUploadTool/app.py:38]
2016-01-19 17:33:39,289 INFO: Dataset will be stored in: D:/ProjectsLocal/SwitchON/DataUploadTool\static/repos\hydrology [in D:/ProjectsLocal/SwitchON/DataUploadTool/app.py:75]
2016-01-19 17:33:45,135 INFO: File: ahn2.png saved succesfully in working copy [in D:/ProjectsLocal/SwitchON/DataUploadTool/app.py:114]
2016-01-19 17:33:45,154 INFO: File: aster7m.jpg saved succesfully in working copy [in D:/ProjectsLocal/SwitchON/DataUploadTool/app.py:114]
2016-01-19 17:33:45,164 INFO: File: BAG.png saved succesfully in working copy [in D:/ProjectsLocal/SwitchON/DataUploadTool/app.py:114]
2016-01-19 17:33:47,601 INFO: Dataset will be stored in existing folder: D:/ProjectsLocal/SwitchON/DataUploadTool\static/repos\hydrology [in D:/ProjectsLocal/SwitchON/DataUploadTool/app.py:68]
2016-01-19 17:33:49,328 INFO: Deleted file: hydrology/ahn2.png succesfully [in D:/ProjectsLocal/SwitchON/DataUploadTool/app.py:202]
2016-01-19 17:33:50,131 INFO: Deleted file: hydrology/aster7m.jpg succesfully [in D:/ProjectsLocal/SwitchON/DataUploadTool/app.py:202]
2016-01-19 17:33:53,276 INFO: Dataset will be stored in existing folder: D:/ProjectsLocal/SwitchON/DataUploadTool\static/repos\hydrology [in D:/ProjectsLocal/SwitchON/DataUploadTool/app.py:68]
